<?xml version="1.0" encoding="UTF-8"?>
<coverage generated="1781928504178" clover="3.2.0">
  <project timestamp="1781928504178" name="All files">
    <metrics statements="255" coveredstatements="217" conditionals="152" coveredconditionals="95" methods="42" coveredmethods="32" elements="449" coveredelements="344" complexity="0" loc="255" ncloc="255" packages="8" files="11" classes="11"/>
    <package name="controller">
      <metrics statements="55" coveredstatements="55" conditionals="16" coveredconditionals="12" methods="10" coveredmethods="10"/>
      <file name="instagram.controller.ts" path="/home/milan/Desktop/internship/barter-platform/backend/src/modules/instagram/controller/instagram.controller.ts">
        <metrics statements="55" coveredstatements="55" conditionals="16" coveredconditionals="12" methods="10" coveredmethods="10"/>
        <line num="2" count="1" type="stmt"/>
        <line num="3" count="1" type="stmt"/>
        <line num="5" count="1" type="stmt"/>
        <line num="7" count="1" type="stmt"/>
        <line num="8" count="3" type="cond" truecount="2" falsecount="0"/>
        <line num="10" count="1" type="stmt"/>
        <line num="11" count="2" type="stmt"/>
        <line num="12" count="2" type="stmt"/>
        <line num="13" count="2" type="stmt"/>
        <line num="15" count="2" type="stmt"/>
        <line num="21" count="1" type="stmt"/>
        <line num="23" count="1" type="stmt"/>
        <line num="24" count="1" type="stmt"/>
        <line num="25" count="1" type="stmt"/>
        <line num="27" count="1" type="stmt"/>
        <line num="31" count="1" type="stmt"/>
        <line num="33" count="5" type="stmt"/>
        <line num="34" count="5" type="cond" truecount="1" falsecount="1"/>
        <line num="36" count="5" type="stmt"/>
        <line num="38" count="5" type="stmt"/>
        <line num="43" count="5" type="stmt"/>
        <line num="44" count="3" type="stmt"/>
        <line num="45" count="3" type="cond" truecount="1" falsecount="1"/>
        <line num="50" count="5" type="cond" truecount="2" falsecount="0"/>
        <line num="51" count="1" type="cond" truecount="1" falsecount="1"/>
        <line num="52" count="1" type="stmt"/>
        <line num="55" count="4" type="cond" truecount="4" falsecount="0"/>
        <line num="56" count="1" type="stmt"/>
        <line num="57" count="1" type="stmt"/>
        <line num="60" count="3" type="stmt"/>
        <line num="61" count="3" type="stmt"/>
        <line num="66" count="2" type="stmt"/>
        <line num="67" count="2" type="stmt"/>
        <line num="69" count="1" type="cond" truecount="1" falsecount="1"/>
        <line num="74" count="1" type="stmt"/>
        <line num="75" count="1" type="stmt"/>
        <line num="76" count="1" type="stmt"/>
        <line num="78" count="1" type="stmt"/>
        <line num="85" count="1" type="stmt"/>
        <line num="86" count="1" type="stmt"/>
        <line num="87" count="1" type="stmt"/>
        <line num="89" count="1" type="stmt"/>
        <line num="96" count="1" type="stmt"/>
        <line num="98" count="1" type="stmt"/>
        <line num="99" count="1" type="stmt"/>
        <line num="101" count="1" type="stmt"/>
        <line num="108" count="1" type="stmt"/>
        <line num="110" count="2" type="stmt"/>
        <line num="111" count="2" type="stmt"/>
        <line num="112" count="2" type="stmt"/>
        <line num="118" count="1" type="stmt"/>
        <line num="126" count="1" type="stmt"/>
        <line num="128" count="1" type="stmt"/>
        <line num="129" count="1" type="stmt"/>
        <line num="131" count="1" type="stmt"/>
      </file>
    </package>
    <package name="dto">
      <metrics statements="4" coveredstatements="4" conditionals="0" coveredconditionals="0" methods="0" coveredmethods="0"/>
      <file name="instagram.dto.ts" path="/home/milan/Desktop/internship/barter-platform/backend/src/modules/instagram/dto/instagram.dto.ts">
        <metrics statements="4" coveredstatements="4" conditionals="0" coveredconditionals="0" methods="0" coveredmethods="0"/>
        <line num="1" count="1" type="stmt"/>
        <line num="3" count="1" type="stmt"/>
        <line num="7" count="1" type="stmt"/>
        <line num="14" count="1" type="stmt"/>
      </file>
    </package>
    <package name="models">
      <metrics statements="26" coveredstatements="12" conditionals="0" coveredconditionals="0" methods="4" coveredmethods="0"/>
      <file name="instagram-account.model.ts" path="/home/milan/Desktop/internship/barter-platform/backend/src/modules/instagram/models/instagram-account.model.ts">
        <metrics statements="7" coveredstatements="3" conditionals="0" coveredconditionals="0" methods="1" coveredmethods="0"/>
        <line num="1" count="1" type="stmt"/>
        <line num="17" count="1" type="stmt"/>
        <line num="67" count="0" type="stmt"/>
        <line num="68" count="0" type="stmt"/>
        <line num="69" count="0" type="stmt"/>
        <line num="70" count="0" type="stmt"/>
        <line num="76" count="1" type="stmt"/>
      </file>
      <file name="instagram-media.model.ts" path="/home/milan/Desktop/internship/barter-platform/backend/src/modules/instagram/models/instagram-media.model.ts">
        <metrics statements="2" coveredstatements="0" conditionals="0" coveredconditionals="0" methods="1" coveredmethods="0"/>
        <line num="1" count="0" type="stmt"/>
        <line num="2" count="0" type="stmt"/>
      </file>
      <file name="media-catalogue.model.ts" path="/home/milan/Desktop/internship/barter-platform/backend/src/modules/instagram/models/media-catalogue.model.ts">
        <metrics statements="9" coveredstatements="5" conditionals="0" coveredconditionals="0" methods="1" coveredmethods="0"/>
        <line num="1" count="1" type="stmt"/>
        <line num="21" count="1" type="stmt"/>
        <line num="69" count="0" type="stmt"/>
        <line num="70" count="0" type="stmt"/>
        <line num="71" count="0" type="stmt"/>
        <line num="72" count="0" type="stmt"/>
        <line num="78" count="1" type="stmt"/>
        <line num="79" count="1" type="stmt"/>
        <line num="81" count="1" type="stmt"/>
      </file>
      <file name="uploaded-media.model.ts" path="/home/milan/Desktop/internship/barter-platform/backend/src/modules/instagram/models/uploaded-media.model.ts">
        <metrics statements="8" coveredstatements="4" conditionals="0" coveredconditionals="0" methods="1" coveredmethods="0"/>
        <line num="1" count="1" type="stmt"/>
        <line num="12" count="1" type="stmt"/>
        <line num="38" count="0" type="stmt"/>
        <line num="39" count="0" type="stmt"/>
        <line num="40" count="0" type="stmt"/>
        <line num="41" count="0" type="stmt"/>
        <line num="47" count="1" type="stmt"/>
        <line num="49" count="1" type="stmt"/>
      </file>
    </package>
    <package name="repository">
      <metrics statements="17" coveredstatements="13" conditionals="6" coveredconditionals="4" methods="10" coveredmethods="7"/>
      <file name="instagram.repository.ts" path="/home/milan/Desktop/internship/barter-platform/backend/src/modules/instagram/repository/instagram.repository.ts">
        <metrics statements="17" coveredstatements="13" conditionals="6" coveredconditionals="4" methods="10" coveredmethods="7"/>
        <line num="1" count="1" type="stmt"/>
        <line num="2" count="1" type="stmt"/>
        <line num="6" count="1" type="stmt"/>
        <line num="10" count="1" type="stmt"/>
        <line num="17" count="1" type="stmt"/>
        <line num="19" count="7" type="stmt"/>
        <line num="27" count="4" type="stmt"/>
        <line num="31" count="4" type="stmt"/>
        <line num="54" count="1" type="stmt"/>
        <line num="60" count="2" type="stmt"/>
        <line num="69" count="0" type="stmt"/>
        <line num="78" count="3" type="stmt"/>
        <line num="107" count="0" type="stmt"/>
        <line num="122" count="1" type="stmt"/>
        <line num="128" count="0" type="stmt"/>
        <line num="129" count="0" type="stmt"/>
        <line num="133" count="1" type="stmt"/>
      </file>
    </package>
    <package name="routes">
      <metrics statements="15" coveredstatements="15" conditionals="0" coveredconditionals="0" methods="0" coveredmethods="0"/>
      <file name="instagram.routes.ts" path="/home/milan/Desktop/internship/barter-platform/backend/src/modules/instagram/routes/instagram.routes.ts">
        <metrics statements="15" coveredstatements="15" conditionals="0" coveredconditionals="0" methods="0" coveredmethods="0"/>
        <line num="1" count="1" type="stmt"/>
        <line num="2" count="1" type="stmt"/>
        <line num="3" count="1" type="stmt"/>
        <line num="7" count="1" type="stmt"/>
        <line num="17" count="1" type="stmt"/>
        <line num="23" count="1" type="stmt"/>
        <line num="25" count="1" type="stmt"/>
        <line num="31" count="1" type="stmt"/>
        <line num="37" count="1" type="stmt"/>
        <line num="42" count="1" type="stmt"/>
        <line num="48" count="1" type="stmt"/>
        <line num="49" count="1" type="stmt"/>
        <line num="50" count="1" type="stmt"/>
        <line num="57" count="1" type="stmt"/>
        <line num="64" count="1" type="stmt"/>
      </file>
    </package>
    <package name="service">
      <metrics statements="133" coveredstatements="114" conditionals="130" coveredconditionals="79" methods="15" coveredmethods="12"/>
      <file name="instagram.service.ts" path="/home/milan/Desktop/internship/barter-platform/backend/src/modules/instagram/service/instagram.service.ts">
        <metrics statements="133" coveredstatements="114" conditionals="130" coveredconditionals="79" methods="15" coveredmethods="12"/>
        <line num="1" count="1" type="stmt"/>
        <line num="2" count="1" type="stmt"/>
        <line num="3" count="1" type="stmt"/>
        <line num="4" count="1" type="stmt"/>
        <line num="5" count="1" type="stmt"/>
        <line num="50" count="15" type="cond" truecount="1" falsecount="1"/>
        <line num="52" count="1" type="stmt"/>
        <line num="56" count="1" type="stmt"/>
        <line num="60" count="2" type="stmt"/>
        <line num="61" count="2" type="stmt"/>
        <line num="62" count="2" type="stmt"/>
        <line num="64" count="2" type="cond" truecount="4" falsecount="0"/>
        <line num="65" count="1" type="stmt"/>
        <line num="70" count="1" type="stmt"/>
        <line num="76" count="1" type="stmt"/>
        <line num="78" count="1" type="stmt"/>
        <line num="80" count="1" type="stmt"/>
        <line num="89" count="6" type="cond" truecount="4" falsecount="0"/>
        <line num="90" count="2" type="stmt"/>
        <line num="94" count="4" type="stmt"/>
        <line num="95" count="4" type="stmt"/>
        <line num="97" count="1" type="stmt"/>
        <line num="100" count="3" type="stmt"/>
        <line num="101" count="3" type="stmt"/>
        <line num="102" count="3" type="stmt"/>
        <line num="103" count="3" type="stmt"/>
        <line num="105" count="3" type="cond" truecount="4" falsecount="1"/>
        <line num="106" count="0" type="stmt"/>
        <line num="111" count="3" type="stmt"/>
        <line num="117" count="3" type="stmt"/>
        <line num="121" count="3" type="stmt"/>
        <line num="123" count="3" type="cond" truecount="1" falsecount="1"/>
        <line num="128" count="0" type="stmt"/>
        <line num="134" count="3" type="stmt"/>
        <line num="135" count="3" type="cond" truecount="2" falsecount="0"/>
        <line num="136" count="3" type="stmt"/>
        <line num="138" count="3" type="stmt"/>
        <line num="139" count="1" type="stmt"/>
        <line num="141" count="1" type="stmt"/>
        <line num="153" count="1" type="cond" truecount="1" falsecount="1"/>
        <line num="154" count="1" type="stmt"/>
        <line num="156" count="1" type="stmt"/>
        <line num="163" count="0" type="stmt"/>
        <line num="164" count="0" type="stmt"/>
        <line num="168" count="3" type="stmt"/>
        <line num="169" count="3" type="cond" truecount="2" falsecount="0"/>
        <line num="170" count="1" type="stmt"/>
        <line num="173" count="2" type="stmt"/>
        <line num="174" count="2" type="stmt"/>
        <line num="175" count="2" type="stmt"/>
        <line num="178" count="2" type="stmt"/>
        <line num="180" count="2" type="cond" truecount="4" falsecount="0"/>
        <line num="181" count="1" type="stmt"/>
        <line num="187" count="1" type="cond" truecount="1" falsecount="1"/>
        <line num="188" count="1" type="cond" truecount="1" falsecount="2"/>
        <line num="189" count="1" type="cond" truecount="1" falsecount="1"/>
        <line num="191" count="1" type="cond" truecount="1" falsecount="1"/>
        <line num="193" count="1" type="stmt"/>
        <line num="205" count="1" type="cond" truecount="1" falsecount="1"/>
        <line num="207" count="1" type="stmt"/>
        <line num="211" count="2" type="stmt"/>
        <line num="212" count="2" type="cond" truecount="1" falsecount="1"/>
        <line num="213" count="0" type="stmt"/>
        <line num="216" count="2" type="stmt"/>
        <line num="217" count="2" type="stmt"/>
        <line num="218" count="2" type="stmt"/>
        <line num="219" count="1" type="stmt"/>
        <line num="222" count="2" type="stmt"/>
        <line num="223" count="2" type="stmt"/>
        <line num="226" count="2" type="stmt"/>
        <line num="228" count="2" type="cond" truecount="3" falsecount="1"/>
        <line num="229" count="0" type="stmt"/>
        <line num="234" count="2" type="stmt"/>
        <line num="235" count="2" type="cond" truecount="1" falsecount="1"/>
        <line num="236" count="3" type="stmt"/>
        <line num="247" count="3" type="cond" truecount="1" falsecount="1"/>
        <line num="248" count="3" type="stmt"/>
        <line num="252" count="2" type="stmt"/>
        <line num="264" count="2" type="stmt"/>
        <line num="266" count="2" type="stmt"/>
        <line num="274" count="0" type="stmt"/>
        <line num="279" count="0" type="cond" truecount="0" falsecount="2"/>
        <line num="280" count="0" type="stmt"/>
        <line num="283" count="0" type="stmt"/>
        <line num="287" count="1" type="stmt"/>
        <line num="288" count="1" type="stmt"/>
        <line num="292" count="0" type="stmt"/>
        <line num="293" count="0" type="cond" truecount="0" falsecount="4"/>
        <line num="294" count="0" type="stmt"/>
        <line num="297" count="0" type="stmt"/>
        <line num="306" count="3" type="stmt"/>
        <line num="307" count="3" type="stmt"/>
        <line num="312" count="3" type="stmt"/>
        <line num="314" count="3" type="cond" truecount="4" falsecount="1"/>
        <line num="315" count="0" type="stmt"/>
        <line num="320" count="3" type="stmt"/>
        <line num="324" count="3" type="stmt"/>
        <line num="325" count="3" type="stmt"/>
        <line num="328" count="3" type="stmt"/>
        <line num="330" count="3" type="cond" truecount="4" falsecount="0"/>
        <line num="331" count="1" type="stmt"/>
        <line num="336" count="2" type="cond" truecount="1" falsecount="1"/>
        <line num="337" count="2" type="stmt"/>
        <line num="338" count="2" type="cond" truecount="2" falsecount="0"/>
        <line num="339" count="1" type="stmt"/>
        <line num="343" count="1" type="stmt"/>
        <line num="345" count="1" type="cond" truecount="3" falsecount="1"/>
        <line num="346" count="0" type="stmt"/>
        <line num="352" count="1" type="stmt"/>
        <line num="365" count="1" type="stmt"/>
        <line num="374" count="4" type="stmt"/>
        <line num="377" count="4" type="cond" truecount="1" falsecount="1"/>
        <line num="378" count="0" type="stmt"/>
        <line num="382" count="4" type="cond" truecount="2" falsecount="0"/>
        <line num="383" count="4" type="cond" truecount="1" falsecount="1"/>
        <line num="384" count="0" type="stmt"/>
        <line num="387" count="4" type="stmt"/>
        <line num="398" count="4" type="cond" truecount="1" falsecount="1"/>
        <line num="399" count="4" type="stmt"/>
        <line num="404" count="4" type="stmt"/>
        <line num="410" count="4" type="cond" truecount="1" falsecount="1"/>
        <line num="411" count="4" type="stmt"/>
        <line num="413" count="4" type="stmt"/>
        <line num="417" count="1" type="stmt"/>
        <line num="420" count="1" type="cond" truecount="1" falsecount="1"/>
        <line num="421" count="0" type="stmt"/>
        <line num="424" count="1" type="stmt"/>
        <line num="425" count="1" type="cond" truecount="1" falsecount="1"/>
        <line num="426" count="1" type="stmt"/>
        <line num="429" count="1" type="stmt"/>
        <line num="434" count="1" type="cond" truecount="1" falsecount="1"/>
        <line num="435" count="1" type="stmt"/>
        <line num="437" count="1" type="stmt"/>
      </file>
    </package>
    <package name="services">
      <metrics statements="1" coveredstatements="0" conditionals="0" coveredconditionals="0" methods="0" coveredmethods="0"/>
      <file name="instagram.service.ts" path="/home/milan/Desktop/internship/barter-platform/backend/src/modules/instagram/services/instagram.service.ts">
        <metrics statements="1" coveredstatements="0" conditionals="0" coveredconditionals="0" methods="0" coveredmethods="0"/>
        <line num="1" count="0" type="stmt"/>
      </file>
    </package>
    <package name="validators">
      <metrics statements="4" coveredstatements="4" conditionals="0" coveredconditionals="0" methods="3" coveredmethods="3"/>
      <file name="instagram.validator.ts" path="/home/milan/Desktop/internship/barter-platform/backend/src/modules/instagram/validators/instagram.validator.ts">
        <metrics statements="4" coveredstatements="4" conditionals="0" coveredconditionals="0" methods="3" coveredmethods="3"/>
        <line num="1" count="1" type="stmt"/>
        <line num="2" count="3" type="stmt"/>
        <line num="3" count="2" type="stmt"/>
        <line num="4" count="2" type="stmt"/>
      </file>
    </package>
  </project>
</coverage>
