TN:
SF:src/modules/instagram/controller/instagram.controller.ts
FN:7,(anonymous_0)
FN:10,(anonymous_1)
FN:22,(anonymous_2)
FN:32,(anonymous_3)
FN:43,(anonymous_4)
FN:74,(anonymous_5)
FN:85,(anonymous_6)
FN:97,(anonymous_7)
FN:109,(anonymous_8)
FN:127,(anonymous_9)
FNF:10
FNH:10
FNDA:3,(anonymous_0)
FNDA:2,(anonymous_1)
FNDA:1,(anonymous_2)
FNDA:5,(anonymous_3)
FNDA:3,(anonymous_4)
FNDA:1,(anonymous_5)
FNDA:1,(anonymous_6)
FNDA:1,(anonymous_7)
FNDA:2,(anonymous_8)
FNDA:1,(anonymous_9)
DA:2,1
DA:3,1
DA:5,1
DA:7,1
DA:8,3
DA:10,1
DA:11,2
DA:12,2
DA:13,2
DA:15,2
DA:21,1
DA:23,1
DA:24,1
DA:25,1
DA:27,1
DA:31,1
DA:33,5
DA:34,5
DA:36,5
DA:38,5
DA:43,5
DA:44,3
DA:45,3
DA:50,5
DA:51,1
DA:52,1
DA:55,4
DA:56,1
DA:57,1
DA:60,3
DA:61,3
DA:66,2
DA:67,2
DA:69,1
DA:74,1
DA:75,1
DA:76,1
DA:78,1
DA:85,1
DA:86,1
DA:87,1
DA:89,1
DA:96,1
DA:98,1
DA:99,1
DA:101,1
DA:108,1
DA:110,2
DA:111,2
DA:112,2
DA:118,1
DA:126,1
DA:128,1
DA:129,1
DA:131,1
LF:55
LH:55
BRDA:8,0,0,1
BRDA:8,0,1,2
BRDA:34,1,0,5
BRDA:34,1,1,0
BRDA:45,2,0,0
BRDA:45,2,1,3
BRDA:50,3,0,1
BRDA:50,3,1,4
BRDA:51,4,0,1
BRDA:51,4,1,0
BRDA:55,5,0,1
BRDA:55,5,1,3
BRDA:55,6,0,4
BRDA:55,6,1,4
BRDA:69,7,0,1
BRDA:69,7,1,0
BRF:16
BRH:12
end_of_record
TN:
SF:src/modules/instagram/dto/instagram.dto.ts
FNF:0
FNH:0
DA:1,1
DA:3,1
DA:7,1
DA:14,1
LF:4
LH:4
BRF:0
BRH:0
end_of_record
TN:
SF:src/modules/instagram/models/instagram-account.model.ts
FN:66,(anonymous_9)
FNF:1
FNH:0
FNDA:0,(anonymous_9)
DA:1,1
DA:17,1
DA:67,0
DA:68,0
DA:69,0
DA:70,0
DA:76,1
LF:7
LH:3
BRF:0
BRH:0
end_of_record
TN:
SF:src/modules/instagram/models/instagram-media.model.ts
FN:2,(anonymous_0)
FNF:1
FNH:0
FNDA:0,(anonymous_0)
DA:1,0
DA:2,0
LF:2
LH:0
BRF:0
BRH:0
end_of_record
TN:
SF:src/modules/instagram/models/media-catalogue.model.ts
FN:68,(anonymous_9)
FNF:1
FNH:0
FNDA:0,(anonymous_9)
DA:1,1
DA:21,1
DA:69,0
DA:70,0
DA:71,0
DA:72,0
DA:78,1
DA:79,1
DA:81,1
LF:9
LH:5
BRF:0
BRH:0
end_of_record
TN:
SF:src/modules/instagram/models/uploaded-media.model.ts
FN:37,(anonymous_9)
FNF:1
FNH:0
FNDA:0,(anonymous_9)
DA:1,1
DA:12,1
DA:38,0
DA:39,0
DA:40,0
DA:41,0
DA:47,1
DA:49,1
LF:8
LH:4
BRF:0
BRH:0
end_of_record
TN:
SF:src/modules/instagram/repository/instagram.repository.ts
FN:18,(anonymous_1)
FN:24,(anonymous_2)
FN:53,(anonymous_3)
FN:59,(anonymous_4)
FN:65,(anonymous_5)
FN:75,(anonymous_6)
FN:102,(anonymous_7)
FN:121,(anonymous_8)
FN:127,(anonymous_9)
FN:132,(anonymous_10)
FNF:10
FNH:7
FNDA:7,(anonymous_1)
FNDA:4,(anonymous_2)
FNDA:1,(anonymous_3)
FNDA:2,(anonymous_4)
FNDA:0,(anonymous_5)
FNDA:3,(anonymous_6)
FNDA:0,(anonymous_7)
FNDA:1,(anonymous_8)
FNDA:0,(anonymous_9)
FNDA:1,(anonymous_10)
DA:1,1
DA:2,1
DA:6,1
DA:10,1
DA:17,1
DA:19,7
DA:27,4
DA:31,4
DA:54,1
DA:60,2
DA:69,0
DA:78,3
DA:107,0
DA:122,1
DA:128,0
DA:129,0
DA:133,1
LF:17
LH:13
BRDA:42,0,0,4
BRDA:42,0,1,1
BRDA:90,1,0,3
BRDA:90,1,1,0
BRDA:91,2,0,3
BRDA:91,2,1,0
BRF:6
BRH:4
end_of_record
TN:
SF:src/modules/instagram/routes/instagram.routes.ts
FNF:0
FNH:0
DA:1,1
DA:2,1
DA:3,1
DA:7,1
DA:17,1
DA:23,1
DA:25,1
DA:31,1
DA:37,1
DA:42,1
DA:48,1
DA:49,1
DA:50,1
DA:57,1
DA:64,1
LF:15
LH:15
BRF:0
BRH:0
end_of_record
TN:
SF:src/modules/instagram/service/instagram.service.ts
FN:50,(anonymous_1)
FN:55,(anonymous_2)
FN:59,(anonymous_3)
FN:85,(anonymous_4)
FN:162,(anonymous_5)
FN:167,(anonymous_6)
FN:210,(anonymous_7)
FN:219,(anonymous_8)
FN:269,(anonymous_9)
FN:286,(anonymous_10)
FN:291,(anonymous_11)
FN:300,(anonymous_12)
FN:323,(anonymous_13)
FN:370,(anonymous_14)
FN:416,(anonymous_15)
FNF:15
FNH:12
FNDA:15,(anonymous_1)
FNDA:1,(anonymous_2)
FNDA:2,(anonymous_3)
FNDA:6,(anonymous_4)
FNDA:0,(anonymous_5)
FNDA:3,(anonymous_6)
FNDA:2,(anonymous_7)
FNDA:1,(anonymous_8)
FNDA:0,(anonymous_9)
FNDA:1,(anonymous_10)
FNDA:0,(anonymous_11)
FNDA:3,(anonymous_12)
FNDA:3,(anonymous_13)
FNDA:4,(anonymous_14)
FNDA:1,(anonymous_15)
DA:1,1
DA:2,1
DA:3,1
DA:4,1
DA:5,1
DA:50,15
DA:52,1
DA:56,1
DA:60,2
DA:61,2
DA:62,2
DA:64,2
DA:65,1
DA:70,1
DA:76,1
DA:78,1
DA:80,1
DA:89,6
DA:90,2
DA:94,4
DA:95,4
DA:97,1
DA:100,3
DA:101,3
DA:102,3
DA:103,3
DA:105,3
DA:106,0
DA:111,3
DA:117,3
DA:121,3
DA:123,3
DA:128,0
DA:134,3
DA:135,3
DA:136,3
DA:138,3
DA:139,1
DA:141,1
DA:153,1
DA:154,1
DA:156,1
DA:163,0
DA:164,0
DA:168,3
DA:169,3
DA:170,1
DA:173,2
DA:174,2
DA:175,2
DA:178,2
DA:180,2
DA:181,1
DA:187,1
DA:188,1
DA:189,1
DA:191,1
DA:193,1
DA:205,1
DA:207,1
DA:211,2
DA:212,2
DA:213,0
DA:216,2
DA:217,2
DA:218,2
DA:219,1
DA:222,2
DA:223,2
DA:226,2
DA:228,2
DA:229,0
DA:234,2
DA:235,2
DA:236,3
DA:247,3
DA:248,3
DA:252,2
DA:264,2
DA:266,2
DA:274,0
DA:279,0
DA:280,0
DA:283,0
DA:287,1
DA:288,1
DA:292,0
DA:293,0
DA:294,0
DA:297,0
DA:306,3
DA:307,3
DA:312,3
DA:314,3
DA:315,0
DA:320,3
DA:324,3
DA:325,3
DA:328,3
DA:330,3
DA:331,1
DA:336,2
DA:337,2
DA:338,2
DA:339,1
DA:343,1
DA:345,1
DA:346,0
DA:352,1
DA:365,1
DA:374,4
DA:377,4
DA:378,0
DA:382,4
DA:383,4
DA:384,0
DA:387,4
DA:398,4
DA:399,4
DA:404,4
DA:410,4
DA:411,4
DA:413,4
DA:417,1
DA:420,1
DA:421,0
DA:424,1
DA:425,1
DA:426,1
DA:429,1
DA:434,1
DA:435,1
DA:437,1
LF:133
LH:114
BRDA:50,0,0,15
BRDA:50,0,1,0
BRDA:64,1,0,1
BRDA:64,1,1,1
BRDA:64,2,0,2
BRDA:64,2,1,1
BRDA:89,3,0,2
BRDA:89,3,1,4
BRDA:89,4,0,6
BRDA:89,4,1,5
BRDA:105,5,0,0
BRDA:105,5,1,3
BRDA:105,6,0,3
BRDA:105,6,1,3
BRDA:105,6,2,3
BRDA:123,7,0,0
BRDA:123,7,1,3
BRDA:124,8,0,3
BRDA:124,8,1,3
BRDA:124,8,2,3
BRDA:129,9,0,0
BRDA:129,9,1,0
BRDA:135,10,0,3
BRDA:135,10,1,2
BRDA:153,11,0,1
BRDA:153,11,1,0
BRDA:169,12,0,1
BRDA:169,12,1,2
BRDA:180,13,0,1
BRDA:180,13,1,1
BRDA:180,14,0,2
BRDA:180,14,1,1
BRDA:182,15,0,1
BRDA:182,15,1,0
BRDA:187,16,0,1
BRDA:187,16,1,0
BRDA:188,17,0,1
BRDA:188,17,1,0
BRDA:188,17,2,0
BRDA:189,18,0,1
BRDA:189,18,1,0
BRDA:191,19,0,1
BRDA:191,19,1,0
BRDA:205,20,0,1
BRDA:205,20,1,0
BRDA:212,21,0,0
BRDA:212,21,1,2
BRDA:228,22,0,0
BRDA:228,22,1,2
BRDA:228,23,0,2
BRDA:228,23,1,2
BRDA:230,24,0,0
BRDA:230,24,1,0
BRDA:235,25,0,2
BRDA:235,25,1,0
BRDA:240,26,0,3
BRDA:240,26,1,0
BRDA:242,27,0,3
BRDA:242,27,1,0
BRDA:243,28,0,3
BRDA:243,28,1,0
BRDA:244,29,0,3
BRDA:244,29,1,2
BRDA:247,30,0,3
BRDA:247,30,1,0
BRDA:257,31,0,2
BRDA:257,31,1,0
BRDA:279,32,0,0
BRDA:279,32,1,0
BRDA:293,33,0,0
BRDA:293,33,1,0
BRDA:293,34,0,0
BRDA:293,34,1,0
BRDA:314,35,0,0
BRDA:314,35,1,3
BRDA:314,36,0,3
BRDA:314,36,1,3
BRDA:314,36,2,3
BRDA:316,37,0,0
BRDA:316,37,1,0
BRDA:330,38,0,1
BRDA:330,38,1,2
BRDA:330,39,0,3
BRDA:330,39,1,2
BRDA:332,40,0,1
BRDA:332,40,1,0
BRDA:336,41,0,2
BRDA:336,41,1,0
BRDA:338,42,0,1
BRDA:338,42,1,1
BRDA:345,43,0,0
BRDA:345,43,1,1
BRDA:345,44,0,1
BRDA:345,44,1,1
BRDA:347,45,0,0
BRDA:347,45,1,0
BRDA:354,46,0,1
BRDA:354,46,1,0
BRDA:354,46,2,0
BRDA:355,47,0,1
BRDA:355,47,1,0
BRDA:356,48,0,1
BRDA:356,48,1,0
BRDA:358,49,0,1
BRDA:358,49,1,0
BRDA:358,49,2,0
BRDA:377,50,0,0
BRDA:377,50,1,4
BRDA:382,51,0,4
BRDA:382,51,1,2
BRDA:383,52,0,0
BRDA:383,52,1,4
BRDA:398,53,0,4
BRDA:398,53,1,0
BRDA:406,54,0,4
BRDA:406,54,1,4
BRDA:407,55,0,4
BRDA:407,55,1,4
BRDA:410,56,0,4
BRDA:410,56,1,0
BRDA:420,57,0,0
BRDA:420,57,1,1
BRDA:425,58,0,1
BRDA:425,58,1,0
BRDA:430,59,0,1
BRDA:430,59,1,0
BRDA:431,60,0,1
BRDA:431,60,1,1
BRDA:434,61,0,1
BRDA:434,61,1,0
BRF:130
BRH:79
end_of_record
TN:
SF:src/modules/instagram/services/instagram.service.ts
FNF:0
FNH:0
DA:1,0
LF:1
LH:0
BRF:0
BRH:0
end_of_record
TN:
SF:src/modules/instagram/validators/instagram.validator.ts
FN:2,(anonymous_0)
FN:3,(anonymous_1)
FN:4,(anonymous_2)
FNF:3
FNH:3
FNDA:2,(anonymous_0)
FNDA:1,(anonymous_1)
FNDA:1,(anonymous_2)
DA:1,1
DA:2,3
DA:3,2
DA:4,2
LF:4
LH:4
BRF:0
BRH:0
end_of_record
